This is pdfTeX, Version 3.141592653-2.6-1.40.28 (TeX Live 2025) (preloaded format=pdflatex 2025.7.16)  7 DEC 2025 20:48
entering extended mode
 restricted \write18 enabled.
 %&-line parsing enabled.
**/private/var/folders/hg/r45j225d0rx4mx3_gqph1xc00000gn/T/Rtmp8YYDVr/preview-1e80623286ae.dir/TriMatch.tex
(/private/var/folders/hg/r45j225d0rx4mx3_gqph1xc00000gn/T/Rtmp8YYDVr/preview-1e80623286ae.dir/TriMatch.tex
LaTeX2e <2025-06-01> patch level 1
L3 programming layer <2025-07-11>
(/Users/jasonbryer/Library/TinyTeX/texmf-dist/tex/latex/base/article.cls
Document Class: article 2025/01/22 v1.4n Standard LaTeX document class
(/Users/jasonbryer/Library/TinyTeX/texmf-dist/tex/latex/base/size11.clo
File: size11.clo 2025/01/22 v1.4n Standard LaTeX file (size option)
)
\c@part=\count275
\c@section=\count276
\c@subsection=\count277
\c@subsubsection=\count278
\c@paragraph=\count279
\c@subparagraph=\count280
\c@figure=\count281
\c@table=\count282
\abovecaptionskip=\skip49
\belowcaptionskip=\skip50
\bibindent=\dimen148
) (/Users/jasonbryer/Library/TinyTeX/texmf-dist/tex/latex/xcolor/xcolor.sty
Package: xcolor 2024/09/29 v3.02 LaTeX color extensions (UK)
(/Users/jasonbryer/Library/TinyTeX/texmf-dist/tex/latex/graphics-cfg/color.cfg
File: color.cfg 2016/01/02 v1.6 sample color configuration
)
Package xcolor Info: Driver file: pdftex.def on input line 274.
(/Users/jasonbryer/Library/TinyTeX/texmf-dist/tex/latex/graphics-def/pdftex.def
File: pdftex.def 2024/04/13 v1.2c Graphics/color driver for pdftex
) (/Users/jasonbryer/Library/TinyTeX/texmf-dist/tex/latex/graphics/mathcolor.ltx)
Package xcolor Info: Model `cmy' substituted by `cmy0' on input line 1349.
Package xcolor Info: Model `hsb' substituted by `rgb' on input line 1353.
Package xcolor Info: Model `RGB' extended on input line 1365.
Package xcolor Info: Model `HTML' substituted by `rgb' on input line 1367.
Package xcolor Info: Model `Hsb' substituted by `hsb' on input line 1368.
Package xcolor Info: Model `tHsb' substituted by `hsb' on input line 1369.
Package xcolor Info: Model `HSB' substituted by `hsb' on input line 1370.
Package xcolor Info: Model `Gray' substituted by `gray' on input line 1371.
Package xcolor Info: Model `wave' substituted by `hsb' on input line 1372.
) (/Users/jasonbryer/Library/TinyTeX/texmf-dist/tex/latex/geometry/geometry.sty
Package: geometry 2020/01/02 v5.9 Page Geometry
(/Users/jasonbryer/Library/TinyTeX/texmf-dist/tex/latex/graphics/keyval.sty
Package: keyval 2022/05/29 v1.15 key=value parser (DPC)
\KV@toks@=\toks17
) (/Users/jasonbryer/Library/TinyTeX/texmf-dist/tex/generic/iftex/ifvtex.sty
Package: ifvtex 2019/10/25 v1.7 ifvtex legacy package. Use iftex instead.
(/Users/jasonbryer/Library/TinyTeX/texmf-dist/tex/generic/iftex/iftex.sty
Package: iftex 2024/12/12 v1.0g TeX engine tests
))
\Gm@cnth=\count283
\Gm@cntv=\count284
\c@Gm@tempcnt=\count285
\Gm@bindingoffset=\dimen149
\Gm@wd@mp=\dimen150
\Gm@odd@mp=\dimen151
\Gm@even@mp=\dimen152
\Gm@layoutwidth=\dimen153
\Gm@layoutheight=\dimen154
\Gm@layouthoffset=\dimen155
\Gm@layoutvoffset=\dimen156
\Gm@dimlist=\toks18
) (/Users/jasonbryer/Library/TinyTeX/texmf-dist/tex/latex/amsmath/amsmath.sty
Package: amsmath 2025/06/16 v2.17y AMS math features
\@mathmargin=\skip51
For additional information on amsmath, use the `?' option.
(/Users/jasonbryer/Library/TinyTeX/texmf-dist/tex/latex/amsmath/amstext.sty
Package: amstext 2024/11/17 v2.01 AMS text
(/Users/jasonbryer/Library/TinyTeX/texmf-dist/tex/latex/amsmath/amsgen.sty
File: amsgen.sty 1999/11/30 v2.0 generic functions
\@emptytoks=\toks19
\ex@=\dimen157
)) (/Users/jasonbryer/Library/TinyTeX/texmf-dist/tex/latex/amsmath/amsbsy.sty
Package: amsbsy 1999/11/29 v1.2d Bold Symbols
\pmbraise@=\dimen158
) (/Users/jasonbryer/Library/TinyTeX/texmf-dist/tex/latex/amsmath/amsopn.sty
Package: amsopn 2022/04/08 v2.04 operator names
)
\inf@bad=\count286
LaTeX Info: Redefining \frac on input line 233.
\uproot@=\count287
\leftroot@=\count288
LaTeX Info: Redefining \overline on input line 398.
LaTeX Info: Redefining \colon on input line 409.
\classnum@=\count289
\DOTSCASE@=\count290
LaTeX Info: Redefining \ldots on input line 495.
LaTeX Info: Redefining \dots on input line 498.
LaTeX Info: Redefining \cdots on input line 619.
\Mathstrutbox@=\box53
\strutbox@=\box54
LaTeX Info: Redefining \big on input line 721.
LaTeX Info: Redefining \Big on input line 722.
LaTeX Info: Redefining \bigg on input line 723.
LaTeX Info: Redefining \Bigg on input line 724.
\big@size=\dimen159
LaTeX Font Info:    Redeclaring font encoding OML on input line 742.
LaTeX Font Info:    Redeclaring font encoding OMS on input line 743.
\macc@depth=\count291
LaTeX Info: Redefining \bmod on input line 904.
LaTeX Info: Redefining \pmod on input line 909.
LaTeX Info: Redefining \smash on input line 939.
LaTeX Info: Redefining \relbar on input line 969.
LaTeX Info: Redefining \Relbar on input line 970.
\c@MaxMatrixCols=\count292
\dotsspace@=\muskip17
\c@parentequation=\count293
\dspbrk@lvl=\count294
\tag@help=\toks20
\row@=\count295
\column@=\count296
\maxfields@=\count297
\andhelp@=\toks21
\eqnshift@=\dimen160
\alignsep@=\dimen161
\tagshift@=\dimen162
\tagwidth@=\dimen163
\totwidth@=\dimen164
\lineht@=\dimen165
\@envbody=\toks22
\multlinegap=\skip52
\multlinetaggap=\skip53
\mathdisplay@stack=\toks23
LaTeX Info: Redefining \[ on input line 2949.
LaTeX Info: Redefining \] on input line 2950.
) (/Users/jasonbryer/Library/TinyTeX/texmf-dist/tex/latex/amsfonts/amssymb.sty
Package: amssymb 2013/01/14 v3.01 AMS font symbols
(/Users/jasonbryer/Library/TinyTeX/texmf-dist/tex/latex/amsfonts/amsfonts.sty
Package: amsfonts 2013/01/14 v3.01 Basic AMSFonts support
\symAMSa=\mathgroup4
\symAMSb=\mathgroup5
LaTeX Font Info:    Redeclaring math symbol \hbar on input line 98.
LaTeX Font Info:    Overwriting math alphabet `\mathfrak' in version `bold'
(Font)                  U/euf/m/n --> U/euf/b/n on input line 106.
)) (/Users/jasonbryer/Library/TinyTeX/texmf-dist/tex/latex/base/fontenc.sty
Package: fontenc 2024/12/21 v2.1c Standard LaTeX package
) (/Users/jasonbryer/Library/TinyTeX/texmf-dist/tex/latex/base/inputenc.sty
Package: inputenc 2024/02/08 v1.3d Input encoding file
\inpenc@prehook=\toks24
\inpenc@posthook=\toks25
) (/Users/jasonbryer/Library/TinyTeX/texmf-dist/tex/latex/base/textcomp.sty
Package: textcomp 2024/04/24 v2.1b Standard LaTeX package
) (/Users/jasonbryer/Library/TinyTeX/texmf-dist/tex/latex/lm/lmodern.sty
Package: lmodern 2015/05/01 v1.6.1 Latin Modern Fonts
LaTeX Font Info:    Overwriting symbol font `operators' in version `normal'
(Font)                  OT1/cmr/m/n --> OT1/lmr/m/n on input line 22.
LaTeX Font Info:    Overwriting symbol font `letters' in version `normal'
(Font)                  OML/cmm/m/it --> OML/lmm/m/it on input line 23.
LaTeX Font Info:    Overwriting symbol font `symbols' in version `normal'
(Font)                  OMS/cmsy/m/n --> OMS/lmsy/m/n on input line 24.
LaTeX Font Info:    Overwriting symbol font `largesymbols' in version `normal'
(Font)                  OMX/cmex/m/n --> OMX/lmex/m/n on input line 25.
LaTeX Font Info:    Overwriting symbol font `operators' in version `bold'
(Font)                  OT1/cmr/bx/n --> OT1/lmr/bx/n on input line 26.
LaTeX Font Info:    Overwriting symbol font `letters' in version `bold'
(Font)                  OML/cmm/b/it --> OML/lmm/b/it on input line 27.
LaTeX Font Info:    Overwriting symbol font `symbols' in version `bold'
(Font)                  OMS/cmsy/b/n --> OMS/lmsy/b/n on input line 28.
LaTeX Font Info:    Overwriting symbol font `largesymbols' in version `bold'
(Font)                  OMX/cmex/m/n --> OMX/lmex/m/n on input line 29.
LaTeX Font Info:    Overwriting math alphabet `\mathbf' in version `normal'
(Font)                  OT1/cmr/bx/n --> OT1/lmr/bx/n on input line 31.
LaTeX Font Info:    Overwriting math alphabet `\mathsf' in version `normal'
(Font)                  OT1/cmss/m/n --> OT1/lmss/m/n on input line 32.
LaTeX Font Info:    Overwriting math alphabet `\mathit' in version `normal'
(Font)                  OT1/cmr/m/it --> OT1/lmr/m/it on input line 33.
LaTeX Font Info:    Overwriting math alphabet `\mathtt' in version `normal'
(Font)                  OT1/cmtt/m/n --> OT1/lmtt/m/n on input line 34.
LaTeX Font Info:    Overwriting math alphabet `\mathbf' in version `bold'
(Font)                  OT1/cmr/bx/n --> OT1/lmr/bx/n on input line 35.
LaTeX Font Info:    Overwriting math alphabet `\mathsf' in version `bold'
(Font)                  OT1/cmss/bx/n --> OT1/lmss/bx/n on input line 36.
LaTeX Font Info:    Overwriting math alphabet `\mathit' in version `bold'
(Font)                  OT1/cmr/bx/it --> OT1/lmr/bx/it on input line 37.
LaTeX Font Info:    Overwriting math alphabet `\mathtt' in version `bold'
(Font)                  OT1/cmtt/m/n --> OT1/lmtt/m/n on input line 38.
) (/Users/jasonbryer/Library/TinyTeX/texmf-dist/tex/latex/microtype/microtype.sty
Package: microtype 2025/07/09 v3.2b Micro-typographical refinements (RS)
(/Users/jasonbryer/Library/TinyTeX/texmf-dist/tex/latex/etoolbox/etoolbox.sty
Package: etoolbox 2025/02/11 v2.5l e-TeX tools for LaTeX (JAW)
\etb@tempcnta=\count298
)
\MT@toks=\toks26
\MT@tempbox=\box55
\MT@count=\count299
LaTeX Info: Redefining \noprotrusionifhmode on input line 1087.
LaTeX Info: Redefining \leftprotrusion on input line 1088.
\MT@prot@toks=\toks27
LaTeX Info: Redefining \rightprotrusion on input line 1107.
LaTeX Info: Redefining \textls on input line 1449.
\MT@outer@kern=\dimen166
LaTeX Info: Redefining \microtypecontext on input line 2053.
LaTeX Info: Redefining \textmicrotypecontext on input line 2070.
\MT@listname@count=\count300
(/Users/jasonbryer/Library/TinyTeX/texmf-dist/tex/latex/microtype/microtype-pdftex.def
File: microtype-pdftex.def 2025/07/09 v3.2b Definitions specific to pdftex (RS)
LaTeX Info: Redefining \lsstyle on input line 944.
LaTeX Info: Redefining \lslig on input line 944.
\MT@outer@space=\skip54
)
Package microtype Info: Loading configuration file microtype.cfg.
(/Users/jasonbryer/Library/TinyTeX/texmf-dist/tex/latex/microtype/microtype.cfg
File: microtype.cfg 2025/07/09 v3.2b microtype main configuration file (RS)
)
LaTeX Info: Redefining \microtypesetup on input line 3065.
) (/Users/jasonbryer/Library/TinyTeX/texmf-dist/tex/latex/fancyvrb/fancyvrb.sty
Package: fancyvrb 2024/01/20 4.5c verbatim text (tvz,hv)
\FV@CodeLineNo=\count301
\FV@InFile=\read2
\FV@TabBox=\box56
\c@FancyVerbLine=\count302
\FV@StepNumber=\count303
\FV@OutFile=\write3
) (/Users/jasonbryer/Library/TinyTeX/texmf-dist/tex/latex/framed/framed.sty
Package: framed 2011/10/22 v 0.96: framed or shaded text with page breaks
\OuterFrameSep=\skip55
\fb@frw=\dimen167
\fb@frh=\dimen168
\FrameRule=\dimen169
\FrameSep=\dimen170
) (/Users/jasonbryer/Library/TinyTeX/texmf-dist/tex/latex/tools/longtable.sty
Package: longtable 2024-12-18 v4.23 Multi-page Table package (DPC)
\LTleft=\skip56
\LTright=\skip57
\LTpre=\skip58
\LTpost=\skip59
\LTchunksize=\count304
\LTcapwidth=\dimen171
\LT@head=\box57
\LT@firsthead=\box58
\LT@foot=\box59
\LT@lastfoot=\box60
\LT@gbox=\box61
\LT@cols=\count305
\LT@rows=\count306
\c@LT@tables=\count307
\c@LT@chunks=\count308
\LT@p@ftn=\toks28
) (/Users/jasonbryer/Library/TinyTeX/texmf-dist/tex/latex/booktabs/booktabs.sty
Package: booktabs 2020/01/12 v1.61803398 Publication quality tables
\heavyrulewidth=\dimen172
\lightrulewidth=\dimen173
\cmidrulewidth=\dimen174
\belowrulesep=\dimen175
\belowbottomsep=\dimen176
\aboverulesep=\dimen177
\abovetopsep=\dimen178
\cmidrulesep=\dimen179
\cmidrulekern=\dimen180
\defaultaddspace=\dimen181
\@cmidla=\count309
\@cmidlb=\count310
\@aboverulesep=\dimen182
\@belowrulesep=\dimen183
\@thisruleclass=\count311
\@lastruleclass=\count312
\@thisrulewidth=\dimen184
) (/Users/jasonbryer/Library/TinyTeX/texmf-dist/tex/latex/tools/array.sty
Package: array 2025/06/08 v2.6j Tabular extension package (FMi)
\col@sep=\dimen185
\ar@mcellbox=\box62
\extrarowheight=\dimen186
\NC@list=\toks29
\extratabsurround=\skip60
\backup@length=\skip61
\ar@cellbox=\box63
) (/Users/jasonbryer/Library/TinyTeX/texmf-dist/tex/latex/tools/calc.sty
Package: calc 2025/03/01 v4.3b Infix arithmetic (KKT,FJ)
\calc@Acount=\count313
\calc@Bcount=\count314
\calc@Adimen=\dimen187
\calc@Bdimen=\dimen188
\calc@Askip=\skip62
\calc@Bskip=\skip63
LaTeX Info: Redefining \setlength on input line 86.
LaTeX Info: Redefining \addtolength on input line 87.
\calc@Ccount=\count315
\calc@Cskip=\skip64
) (/Users/jasonbryer/Library/TinyTeX/texmf-dist/tex/latex/mdwtools/footnote.sty
Package: footnote 1997/01/28 1.13 Save footnotes around boxes
\fn@notes=\box64
\fn@width=\dimen189
) (/Users/jasonbryer/Library/TinyTeX/texmf-dist/tex/latex/graphics/graphicx.sty
Package: graphicx 2024/12/31 v1.2e Enhanced LaTeX Graphics (DPC,SPQR)
(/Users/jasonbryer/Library/TinyTeX/texmf-dist/tex/latex/graphics/graphics.sty
Package: graphics 2024/08/06 v1.4g Standard LaTeX Graphics (DPC,SPQR)
(/Users/jasonbryer/Library/TinyTeX/texmf-dist/tex/latex/graphics/trig.sty
Package: trig 2023/12/02 v1.11 sin cos tan (DPC)
) (/Users/jasonbryer/Library/TinyTeX/texmf-dist/tex/latex/graphics-cfg/graphics.cfg
File: graphics.cfg 2016/06/04 v1.11 sample graphics configuration
)
Package graphics Info: Driver file: pdftex.def on input line 106.
)
\Gin@req@height=\dimen190
\Gin@req@width=\dimen191
)
\pandoc@box=\box65
\cslhangindent=\skip65
\csllabelwidth=\skip66
(/Users/jasonbryer/Library/TinyTeX/texmf-dist/tex/latex/bookmark/bookmark.sty
Package: bookmark 2023-12-10 v1.31 PDF bookmarks (HO)
(/Users/jasonbryer/Library/TinyTeX/texmf-dist/tex/latex/hyperref/hyperref.sty
Package: hyperref 2025-07-12 v7.01o Hypertext links for LaTeX
(/Users/jasonbryer/Library/TinyTeX/texmf-dist/tex/latex/kvsetkeys/kvsetkeys.sty
Package: kvsetkeys 2022-10-05 v1.19 Key value parser (HO)
) (/Users/jasonbryer/Library/TinyTeX/texmf-dist/tex/generic/kvdefinekeys/kvdefinekeys.sty
Package: kvdefinekeys 2019-12-19 v1.6 Define keys (HO)
) (/Users/jasonbryer/Library/TinyTeX/texmf-dist/tex/generic/pdfescape/pdfescape.sty
Package: pdfescape 2019/12/09 v1.15 Implements pdfTeX's escape features (HO)
(/Users/jasonbryer/Library/TinyTeX/texmf-dist/tex/generic/ltxcmds/ltxcmds.sty
Package: ltxcmds 2023-12-04 v1.26 LaTeX kernel commands for general use (HO)
) (/Users/jasonbryer/Library/TinyTeX/texmf-dist/tex/generic/pdftexcmds/pdftexcmds.sty
Package: pdftexcmds 2020-06-27 v0.33 Utility functions of pdfTeX for LuaTeX (HO)
(/Users/jasonbryer/Library/TinyTeX/texmf-dist/tex/generic/infwarerr/infwarerr.sty
Package: infwarerr 2019/12/03 v1.5 Providing info/warning/error messages (HO)
)
Package pdftexcmds Info: \pdf@primitive is available.
Package pdftexcmds Info: \pdf@ifprimitive is available.
Package pdftexcmds Info: \pdfdraftmode found.
)) (/Users/jasonbryer/Library/TinyTeX/texmf-dist/tex/latex/hycolor/hycolor.sty
Package: hycolor 2020-01-27 v1.10 Color options for hyperref/bookmark (HO)
) (/Users/jasonbryer/Library/TinyTeX/texmf-dist/tex/latex/hyperref/nameref.sty
Package: nameref 2025-06-21 v2.57 Cross-referencing by name of section
(/Users/jasonbryer/Library/TinyTeX/texmf-dist/tex/latex/refcount/refcount.sty
Package: refcount 2019/12/15 v3.6 Data extraction from label references (HO)
) (/Users/jasonbryer/Library/TinyTeX/texmf-dist/tex/generic/gettitlestring/gettitlestring.sty
Package: gettitlestring 2019/12/15 v1.6 Cleanup title references (HO)
(/Users/jasonbryer/Library/TinyTeX/texmf-dist/tex/latex/kvoptions/kvoptions.sty
Package: kvoptions 2022-06-15 v3.15 Key value format for package options (HO)
))
\c@section@level=\count316
) (/Users/jasonbryer/Library/TinyTeX/texmf-dist/tex/generic/stringenc/stringenc.sty
Package: stringenc 2019/11/29 v1.12 Convert strings between diff. encodings (HO)
)
\@linkdim=\dimen192
\Hy@linkcounter=\count317
\Hy@pagecounter=\count318
(/Users/jasonbryer/Library/TinyTeX/texmf-dist/tex/latex/hyperref/pd1enc.def
File: pd1enc.def 2025-07-12 v7.01o Hyperref: PDFDocEncoding definition (HO)
Now handling font encoding PD1 ...
... no UTF-8 mapping file for font encoding PD1
) (/Users/jasonbryer/Library/TinyTeX/texmf-dist/tex/generic/intcalc/intcalc.sty
Package: intcalc 2019/12/15 v1.3 Expandable calculations with integers (HO)
)
\Hy@SavedSpaceFactor=\count319
(/Users/jasonbryer/Library/TinyTeX/texmf-dist/tex/latex/hyperref/puenc.def
File: puenc.def 2025-07-12 v7.01o Hyperref: PDF Unicode definition (HO)
Now handling font encoding PU ...
... no UTF-8 mapping file for font encoding PU
)
Package hyperref Info: Option `unicode' set `true' on input line 4066.
Package hyperref Info: Hyper figures OFF on input line 4195.
Package hyperref Info: Link nesting OFF on input line 4200.
Package hyperref Info: Hyper index ON on input line 4203.
Package hyperref Info: Plain pages OFF on input line 4210.
Package hyperref Info: Backreferencing OFF on input line 4215.
Package hyperref Info: Implicit mode ON; LaTeX internals redefined.
Package hyperref Info: Bookmarks ON on input line 4462.
\c@Hy@tempcnt=\count320
(/Users/jasonbryer/Library/TinyTeX/texmf-dist/tex/latex/url/url.sty
\Urlmuskip=\muskip18
Package: url 2013/09/16  ver 3.4  Verb mode for urls, etc.
)
LaTeX Info: Redefining \url on input line 4801.
\XeTeXLinkMargin=\dimen193
(/Users/jasonbryer/Library/TinyTeX/texmf-dist/tex/generic/bitset/bitset.sty
Package: bitset 2019/12/09 v1.3 Handle bit-vector datatype (HO)
(/Users/jasonbryer/Library/TinyTeX/texmf-dist/tex/generic/bigintcalc/bigintcalc.sty
Package: bigintcalc 2019/12/15 v1.5 Expandable calculations on big integers (HO)
))
\Fld@menulength=\count321
\Field@Width=\dimen194
\Fld@charsize=\dimen195
Package hyperref Info: Hyper figures OFF on input line 6078.
Package hyperref Info: Link nesting OFF on input line 6083.
Package hyperref Info: Hyper index ON on input line 6086.
Package hyperref Info: backreferencing OFF on input line 6093.
Package hyperref Info: Link coloring OFF on input line 6098.
Package hyperref Info: Link coloring with OCG OFF on input line 6103.
Package hyperref Info: PDF/A mode OFF on input line 6108.
\Hy@abspage=\count322
\c@Item=\count323
\c@Hfootnote=\count324
)
Package hyperref Info: Driver (autodetected): hpdftex.
(/Users/jasonbryer/Library/TinyTeX/texmf-dist/tex/latex/hyperref/hpdftex.def
File: hpdftex.def 2025-07-12 v7.01o Hyperref driver for pdfTeX
\Fld@listcount=\count325
\c@bookmark@seq@number=\count326
(/Users/jasonbryer/Library/TinyTeX/texmf-dist/tex/latex/rerunfilecheck/rerunfilecheck.sty
Package: rerunfilecheck 2025-06-21 v1.11 Rerun checks for auxiliary files (HO)
(/Users/jasonbryer/Library/TinyTeX/texmf-dist/tex/generic/uniquecounter/uniquecounter.sty
Package: uniquecounter 2019/12/15 v1.4 Provide unlimited unique counter (HO)
)
Package uniquecounter Info: New unique counter `rerunfilecheck' on input line 284.
)
\Hy@SectionHShift=\skip67
) (/Users/jasonbryer/Library/TinyTeX/texmf-dist/tex/latex/bookmark/bkm-pdftex.def
File: bkm-pdftex.def 2023-12-10 v1.31 bookmark driver for pdfTeX and luaTeX (HO)
\BKM@id=\count327
))
LaTeX Font Info:    Trying to load font information for T1+lmr on input line 155.
(/Users/jasonbryer/Library/TinyTeX/texmf-dist/tex/latex/lm/t1lmr.fd
File: t1lmr.fd 2015/05/01 v1.6.1 Font defs for Latin Modern
) (/Users/jasonbryer/Library/TinyTeX/texmf-dist/tex/latex/l3backend/l3backend-pdftex.def
File: l3backend-pdftex.def 2025-06-09 L3 backend support: PDF output (pdfTeX)
\l__color_backend_stack_int=\count328
) (./TriMatch.aux)
\openout1 = `TriMatch.aux'.

LaTeX Font Info:    Checking defaults for OML/cmm/m/it on input line 155.
LaTeX Font Info:    ... okay on input line 155.
LaTeX Font Info:    Checking defaults for OMS/cmsy/m/n on input line 155.
LaTeX Font Info:    ... okay on input line 155.
LaTeX Font Info:    Checking defaults for OT1/cmr/m/n on input line 155.
LaTeX Font Info:    ... okay on input line 155.
LaTeX Font Info:    Checking defaults for T1/cmr/m/n on input line 155.
LaTeX Font Info:    ... okay on input line 155.
LaTeX Font Info:    Checking defaults for TS1/cmr/m/n on input line 155.
LaTeX Font Info:    ... okay on input line 155.
LaTeX Font Info:    Checking defaults for OMX/cmex/m/n on input line 155.
LaTeX Font Info:    ... okay on input line 155.
LaTeX Font Info:    Checking defaults for U/cmr/m/n on input line 155.
LaTeX Font Info:    ... okay on input line 155.
LaTeX Font Info:    Checking defaults for PD1/pdf/m/n on input line 155.
LaTeX Font Info:    ... okay on input line 155.
LaTeX Font Info:    Checking defaults for PU/pdf/m/n on input line 155.
LaTeX Font Info:    ... okay on input line 155.
(/Users/jasonbryer/Library/TinyTeX/texmf-dist/tex/latex/epstopdf-pkg/epstopdf-base.sty
Package: epstopdf-base 2020-01-24 v2.11 Base part for package epstopdf
Package epstopdf-base Info: Redefining graphics rule for `.eps' on input line 485.
(/Users/jasonbryer/Library/TinyTeX/texmf-dist/tex/latex/latexconfig/epstopdf-sys.cfg
File: epstopdf-sys.cfg 2010/07/13 v1.3 Configuration of (r)epstopdf for TeX Live
))
*geometry* driver: auto-detecting
*geometry* detected driver: pdftex
*geometry* verbose mode - [ preamble ] result:
* driver: pdftex
* paper: <default>
* layout: <same size as paper>
* layoutoffset:(h,v)=(0.0pt,0.0pt)
* modes: 
* h-part:(L,W,R)=(92.14519pt, 430.00462pt, 92.14519pt)
* v-part:(T,H,B)=(95.39737pt, 556.47656pt, 143.09605pt)
* \paperwidth=614.295pt
* \paperheight=794.96999pt
* \textwidth=430.00462pt
* \textheight=556.47656pt
* \oddsidemargin=19.8752pt
* \evensidemargin=19.8752pt
* \topmargin=-13.87262pt
* \headheight=12.0pt
* \headsep=25.0pt
* \topskip=11.0pt
* \footskip=30.0pt
* \marginparwidth=59.0pt
* \marginparsep=10.0pt
* \columnsep=10.0pt
* \skip\footins=10.0pt plus 4.0pt minus 2.0pt
* \hoffset=0.0pt
* \voffset=0.0pt
* \mag=1000
* \@twocolumnfalse
* \@twosidefalse
* \@mparswitchfalse
* \@reversemarginfalse
* (1in=72.27pt=25.4mm, 1cm=28.453pt)

LaTeX Info: Redefining \microtypecontext on input line 155.
Package microtype Info: Applying patch `item' on input line 155.
Package microtype Info: Applying patch `toc' on input line 155.
Package microtype Info: Applying patch `eqnum' on input line 155.
Package microtype Info: Applying patch `footnote' on input line 155.
Package microtype Info: Applying patch `verbatim' on input line 155.
LaTeX Info: Redefining \microtypesetup on input line 155.
Package microtype Info: Generating PDF output.
Package microtype Info: Character protrusion enabled (level 2).
Package microtype Info: Using protrusion set `basicmath'.
Package microtype Info: Automatic font expansion enabled (level 2),
(microtype)             stretch: 20, shrink: 20, step: 1, non-selected.
Package microtype Info: Using default expansion set `alltext-nott'.
Package microtype Info: Patching command `\showhyphens'.
Package microtype Info: No adjustment of tracking.
Package microtype Info: No adjustment of interword spacing.
Package microtype Info: No adjustment of character kerning.
(/Users/jasonbryer/Library/TinyTeX/texmf-dist/tex/latex/microtype/mt-cmr.cfg
File: mt-cmr.cfg 2013/05/19 v2.2 microtype config. file: Computer Modern Roman (RS)
)
Package hyperref Info: Link coloring OFF on input line 155.
LaTeX Font Info:    Trying to load font information for OT1+lmr on input line 157.
(/Users/jasonbryer/Library/TinyTeX/texmf-dist/tex/latex/lm/ot1lmr.fd
File: ot1lmr.fd 2015/05/01 v1.6.1 Font defs for Latin Modern
)
LaTeX Font Info:    Trying to load font information for OML+lmm on input line 157.
(/Users/jasonbryer/Library/TinyTeX/texmf-dist/tex/latex/lm/omllmm.fd
File: omllmm.fd 2015/05/01 v1.6.1 Font defs for Latin Modern
)
LaTeX Font Info:    Trying to load font information for OMS+lmsy on input line 157.
(/Users/jasonbryer/Library/TinyTeX/texmf-dist/tex/latex/lm/omslmsy.fd
File: omslmsy.fd 2015/05/01 v1.6.1 Font defs for Latin Modern
)
LaTeX Font Info:    Trying to load font information for OMX+lmex on input line 157.
(/Users/jasonbryer/Library/TinyTeX/texmf-dist/tex/latex/lm/omxlmex.fd
File: omxlmex.fd 2015/05/01 v1.6.1 Font defs for Latin Modern
)
LaTeX Font Info:    External font `lmex10' loaded for size
(Font)              <12> on input line 157.
LaTeX Font Info:    External font `lmex10' loaded for size
(Font)              <8> on input line 157.
LaTeX Font Info:    External font `lmex10' loaded for size
(Font)              <6> on input line 157.
LaTeX Font Info:    Trying to load font information for U+msa on input line 157.
(/Users/jasonbryer/Library/TinyTeX/texmf-dist/tex/latex/amsfonts/umsa.fd
File: umsa.fd 2013/01/14 v3.01 AMS symbols A
) (/Users/jasonbryer/Library/TinyTeX/texmf-dist/tex/latex/microtype/mt-msa.cfg
File: mt-msa.cfg 2006/02/04 v1.1 microtype config. file: AMS symbols (a) (RS)
)
LaTeX Font Info:    Trying to load font information for U+msb on input line 157.
(/Users/jasonbryer/Library/TinyTeX/texmf-dist/tex/latex/amsfonts/umsb.fd
File: umsb.fd 2013/01/14 v3.01 AMS symbols B
) (/Users/jasonbryer/Library/TinyTeX/texmf-dist/tex/latex/microtype/mt-msb.cfg
File: mt-msb.cfg 2005/06/01 v1.0 microtype config. file: AMS symbols (b) (RS)
) (./TriMatch.toc
LaTeX Font Info:    Trying to load font information for T1+lmtt on input line 2.
(/Users/jasonbryer/Library/TinyTeX/texmf-dist/tex/latex/lm/t1lmtt.fd
File: t1lmtt.fd 2015/05/01 v1.6.1 Font defs for Latin Modern
)
LaTeX Font Info:    External font `lmex10' loaded for size
(Font)              <10.95> on input line 2.
)
\tf@toc=\write4
\openout4 = `TriMatch.toc'.

LaTeX Font Info:    Font shape `T1/lmtt/bx/n' in size <10.95> not available
(Font)              Font shape `T1/lmtt/b/n' tried instead on input line 167.


[1

{/Users/jasonbryer/Library/TinyTeX/texmf-var/fonts/map/pdftex/updmap/pdftex.map}{/Users/jasonbryer/Library/TinyTeX/texmf-dist/fonts/enc/dvips/lm/lm-ec.enc}]
LaTeX Font Info:    Font shape `T1/lmtt/bx/n' in size <12> not available
(Font)              Font shape `T1/lmtt/b/n' tried instead on input line 179.

LaTeX Warning: Reference `item:ps' on page 2 undefined on input line 190.



[2{/Users/jasonbryer/Library/TinyTeX/texmf-dist/fonts/enc/dvips/lm/lm-mathit.enc}{/Users/jasonbryer/Library/TinyTeX/texmf-dist/fonts/enc/dvips/lm/lm-rm.enc}{/Users/jasonbryer/Library/TinyTeX/texmf-dist/fonts/enc/dvips/lm/lm-mathsy.enc}]

LaTeX Warning: Reference `item:distance' on page 3 undefined on input line 194.



[3]
</private/var/folders/hg/r45j225d0rx4mx3_gqph1xc00000gn/T/Rtmp8YYDVr/preview-1e80623286ae.dir/TriMatch_files/figure-latex/unnamed-chunk-5-1.pdf, id=57, 469.755pt x 325.215pt>
File: /private/var/folders/hg/r45j225d0rx4mx3_gqph1xc00000gn/T/Rtmp8YYDVr/preview-1e80623286ae.dir/TriMatch_files/figure-latex/unnamed-chunk-5-1.pdf Graphic file (type pdf)
<use /private/var/folders/hg/r45j225d0rx4mx3_gqph1xc00000gn/T/Rtmp8YYDVr/preview-1e80623286ae.dir/TriMatch_files/figure-latex/unnamed-chunk-5-1.pdf>
Package pdftex.def Info: /private/var/folders/hg/r45j225d0rx4mx3_gqph1xc00000gn/T/Rtmp8YYDVr/preview-1e80623286ae.dir/TriMatch_files/figure-latex/unnamed-chunk-5-1.pdf  used on input line 245.
(pdftex.def)             Requested size: 469.75386pt x 325.2142pt.


[4]

[5 </private/var/folders/hg/r45j225d0rx4mx3_gqph1xc00000gn/T/Rtmp8YYDVr/preview-1e80623286ae.dir/TriMatch_files/figure-latex/unnamed-chunk-5-1.pdf>]
</private/var/folders/hg/r45j225d0rx4mx3_gqph1xc00000gn/T/Rtmp8YYDVr/preview-1e80623286ae.dir/TriMatch_files/figure-latex/triangleplot-1.pdf, id=77, 469.755pt x 325.215pt>
File: /private/var/folders/hg/r45j225d0rx4mx3_gqph1xc00000gn/T/Rtmp8YYDVr/preview-1e80623286ae.dir/TriMatch_files/figure-latex/triangleplot-1.pdf Graphic file (type pdf)
<use /private/var/folders/hg/r45j225d0rx4mx3_gqph1xc00000gn/T/Rtmp8YYDVr/preview-1e80623286ae.dir/TriMatch_files/figure-latex/triangleplot-1.pdf>
Package pdftex.def Info: /private/var/folders/hg/r45j225d0rx4mx3_gqph1xc00000gn/T/Rtmp8YYDVr/preview-1e80623286ae.dir/TriMatch_files/figure-latex/triangleplot-1.pdf  used on input line 284.
(pdftex.def)             Requested size: 469.75386pt x 325.2142pt.


[6 </private/var/folders/hg/r45j225d0rx4mx3_gqph1xc00000gn/T/Rtmp8YYDVr/preview-1e80623286ae.dir/TriMatch_files/figure-latex/triangleplot-1.pdf>]

[7]
</private/var/folders/hg/r45j225d0rx4mx3_gqph1xc00000gn/T/Rtmp8YYDVr/preview-1e80623286ae.dir/TriMatch_files/figure-latex/multibalance-1.pdf, id=98, 469.755pt x 325.215pt>
File: /private/var/folders/hg/r45j225d0rx4mx3_gqph1xc00000gn/T/Rtmp8YYDVr/preview-1e80623286ae.dir/TriMatch_files/figure-latex/multibalance-1.pdf Graphic file (type pdf)
<use /private/var/folders/hg/r45j225d0rx4mx3_gqph1xc00000gn/T/Rtmp8YYDVr/preview-1e80623286ae.dir/TriMatch_files/figure-latex/multibalance-1.pdf>
Package pdftex.def Info: /private/var/folders/hg/r45j225d0rx4mx3_gqph1xc00000gn/T/Rtmp8YYDVr/preview-1e80623286ae.dir/TriMatch_files/figure-latex/multibalance-1.pdf  used on input line 346.
(pdftex.def)             Requested size: 469.75386pt x 325.2142pt.
</private/var/folders/hg/r45j225d0rx4mx3_gqph1xc00000gn/T/Rtmp8YYDVr/preview-1e80623286ae.dir/TriMatch_files/figure-latex/balance-1.pdf, id=100, 469.755pt x 325.215pt>
File: /private/var/folders/hg/r45j225d0rx4mx3_gqph1xc00000gn/T/Rtmp8YYDVr/preview-1e80623286ae.dir/TriMatch_files/figure-latex/balance-1.pdf Graphic file (type pdf)
<use /private/var/folders/hg/r45j225d0rx4mx3_gqph1xc00000gn/T/Rtmp8YYDVr/preview-1e80623286ae.dir/TriMatch_files/figure-latex/balance-1.pdf>
Package pdftex.def Info: /private/var/folders/hg/r45j225d0rx4mx3_gqph1xc00000gn/T/Rtmp8YYDVr/preview-1e80623286ae.dir/TriMatch_files/figure-latex/balance-1.pdf  used on input line 362.
(pdftex.def)             Requested size: 469.75386pt x 325.2142pt.


[8 </private/var/folders/hg/r45j225d0rx4mx3_gqph1xc00000gn/T/Rtmp8YYDVr/preview-1e80623286ae.dir/TriMatch_files/figure-latex/multibalance-1.pdf>]

[9 </private/var/folders/hg/r45j225d0rx4mx3_gqph1xc00000gn/T/Rtmp8YYDVr/preview-1e80623286ae.dir/TriMatch_files/figure-latex/balance-1.pdf>]

[10]
</private/var/folders/hg/r45j225d0rx4mx3_gqph1xc00000gn/T/Rtmp8YYDVr/preview-1e80623286ae.dir/TriMatch_files/figure-latex/boxplots-1.pdf, id=128, 469.755pt x 325.215pt>
File: /private/var/folders/hg/r45j225d0rx4mx3_gqph1xc00000gn/T/Rtmp8YYDVr/preview-1e80623286ae.dir/TriMatch_files/figure-latex/boxplots-1.pdf Graphic file (type pdf)
<use /private/var/folders/hg/r45j225d0rx4mx3_gqph1xc00000gn/T/Rtmp8YYDVr/preview-1e80623286ae.dir/TriMatch_files/figure-latex/boxplots-1.pdf>
Package pdftex.def Info: /private/var/folders/hg/r45j225d0rx4mx3_gqph1xc00000gn/T/Rtmp8YYDVr/preview-1e80623286ae.dir/TriMatch_files/figure-latex/boxplots-1.pdf  used on input line 452.
(pdftex.def)             Requested size: 129.00269pt x 89.30786pt.
</private/var/folders/hg/r45j225d0rx4mx3_gqph1xc00000gn/T/Rtmp8YYDVr/preview-1e80623286ae.dir/TriMatch_files/figure-latex/boxplots-2.pdf, id=129, 469.755pt x 325.215pt>
File: /private/var/folders/hg/r45j225d0rx4mx3_gqph1xc00000gn/T/Rtmp8YYDVr/preview-1e80623286ae.dir/TriMatch_files/figure-latex/boxplots-2.pdf Graphic file (type pdf)
<use /private/var/folders/hg/r45j225d0rx4mx3_gqph1xc00000gn/T/Rtmp8YYDVr/preview-1e80623286ae.dir/TriMatch_files/figure-latex/boxplots-2.pdf>
Package pdftex.def Info: /private/var/folders/hg/r45j225d0rx4mx3_gqph1xc00000gn/T/Rtmp8YYDVr/preview-1e80623286ae.dir/TriMatch_files/figure-latex/boxplots-2.pdf  used on input line 452.
(pdftex.def)             Requested size: 129.00269pt x 89.30786pt.
</private/var/folders/hg/r45j225d0rx4mx3_gqph1xc00000gn/T/Rtmp8YYDVr/preview-1e80623286ae.dir/TriMatch_files/figure-latex/boxplots-3.pdf, id=130, 469.755pt x 325.215pt>
File: /private/var/folders/hg/r45j225d0rx4mx3_gqph1xc00000gn/T/Rtmp8YYDVr/preview-1e80623286ae.dir/TriMatch_files/figure-latex/boxplots-3.pdf Graphic file (type pdf)
<use /private/var/folders/hg/r45j225d0rx4mx3_gqph1xc00000gn/T/Rtmp8YYDVr/preview-1e80623286ae.dir/TriMatch_files/figure-latex/boxplots-3.pdf>
Package pdftex.def Info: /private/var/folders/hg/r45j225d0rx4mx3_gqph1xc00000gn/T/Rtmp8YYDVr/preview-1e80623286ae.dir/TriMatch_files/figure-latex/boxplots-3.pdf  used on input line 452.
(pdftex.def)             Requested size: 129.00269pt x 89.30786pt.
LaTeX Font Info:    External font `lmex10' loaded for size
(Font)              <9> on input line 455.
LaTeX Font Info:    External font `lmex10' loaded for size
(Font)              <5> on input line 455.


[11]
</private/var/folders/hg/r45j225d0rx4mx3_gqph1xc00000gn/T/Rtmp8YYDVr/preview-1e80623286ae.dir/TriMatch_files/figure-latex/loess-1.pdf, id=143, 469.755pt x 325.215pt>
File: /private/var/folders/hg/r45j225d0rx4mx3_gqph1xc00000gn/T/Rtmp8YYDVr/preview-1e80623286ae.dir/TriMatch_files/figure-latex/loess-1.pdf Graphic file (type pdf)
<use /private/var/folders/hg/r45j225d0rx4mx3_gqph1xc00000gn/T/Rtmp8YYDVr/preview-1e80623286ae.dir/TriMatch_files/figure-latex/loess-1.pdf>
Package pdftex.def Info: /private/var/folders/hg/r45j225d0rx4mx3_gqph1xc00000gn/T/Rtmp8YYDVr/preview-1e80623286ae.dir/TriMatch_files/figure-latex/loess-1.pdf  used on input line 466.
(pdftex.def)             Requested size: 469.75386pt x 325.2142pt.


[12 </private/var/folders/hg/r45j225d0rx4mx3_gqph1xc00000gn/T/Rtmp8YYDVr/preview-1e80623286ae.dir/TriMatch_files/figure-latex/boxplots-1.pdf> </private/var/folders/hg/r45j225d0rx4mx3_gqph1xc00000gn/T/Rtmp8YYDVr/preview-1e80623286ae.dir/TriMatch_files/figure-latex/boxplots-2.pdf> </private/var/folders/hg/r45j225d0rx4mx3_gqph1xc00000gn/T/Rtmp8YYDVr/preview-1e80623286ae.dir/TriMatch_files/figure-latex/boxplots-3.pdf>]

[13 </private/var/folders/hg/r45j225d0rx4mx3_gqph1xc00000gn/T/Rtmp8YYDVr/preview-1e80623286ae.dir/TriMatch_files/figure-latex/loess-1.pdf>]

[14]
</private/var/folders/hg/r45j225d0rx4mx3_gqph1xc00000gn/T/Rtmp8YYDVr/preview-1e80623286ae.dir/TriMatch_files/figure-latex/packyearsAndTotalExp-1.pdf, id=199, 469.755pt x 325.215pt>
File: /private/var/folders/hg/r45j225d0rx4mx3_gqph1xc00000gn/T/Rtmp8YYDVr/preview-1e80623286ae.dir/TriMatch_files/figure-latex/packyearsAndTotalExp-1.pdf Graphic file (type pdf)
<use /private/var/folders/hg/r45j225d0rx4mx3_gqph1xc00000gn/T/Rtmp8YYDVr/preview-1e80623286ae.dir/TriMatch_files/figure-latex/packyearsAndTotalExp-1.pdf>
Package pdftex.def Info: /private/var/folders/hg/r45j225d0rx4mx3_gqph1xc00000gn/T/Rtmp8YYDVr/preview-1e80623286ae.dir/TriMatch_files/figure-latex/packyearsAndTotalExp-1.pdf  used on input line 534.
(pdftex.def)             Requested size: 215.0023pt x 148.84644pt.
</private/var/folders/hg/r45j225d0rx4mx3_gqph1xc00000gn/T/Rtmp8YYDVr/preview-1e80623286ae.dir/TriMatch_files/figure-latex/packyearsAndTotalExp-2.pdf, id=200, 469.755pt x 325.215pt>
File: /private/var/folders/hg/r45j225d0rx4mx3_gqph1xc00000gn/T/Rtmp8YYDVr/preview-1e80623286ae.dir/TriMatch_files/figure-latex/packyearsAndTotalExp-2.pdf Graphic file (type pdf)
<use /private/var/folders/hg/r45j225d0rx4mx3_gqph1xc00000gn/T/Rtmp8YYDVr/preview-1e80623286ae.dir/TriMatch_files/figure-latex/packyearsAndTotalExp-2.pdf>
Package pdftex.def Info: /private/var/folders/hg/r45j225d0rx4mx3_gqph1xc00000gn/T/Rtmp8YYDVr/preview-1e80623286ae.dir/TriMatch_files/figure-latex/packyearsAndTotalExp-2.pdf  used on input line 534.
(pdftex.def)             Requested size: 215.0023pt x 148.84644pt.

Overfull \hbox (2.43332pt too wide) in paragraph at lines 534--534
[][] [] 
 []



[15 </private/var/folders/hg/r45j225d0rx4mx3_gqph1xc00000gn/T/Rtmp8YYDVr/preview-1e80623286ae.dir/TriMatch_files/figure-latex/packyearsAndTotalExp-1.pdf> </private/var/folders/hg/r45j225d0rx4mx3_gqph1xc00000gn/T/Rtmp8YYDVr/preview-1e80623286ae.dir/TriMatch_files/figure-latex/packyearsAndTotalExp-2.pdf>]
</private/var/folders/hg/r45j225d0rx4mx3_gqph1xc00000gn/T/Rtmp8YYDVr/preview-1e80623286ae.dir/TriMatch_files/figure-latex/nmestriangleplot-1.pdf, id=224, 469.755pt x 325.215pt>
File: /private/var/folders/hg/r45j225d0rx4mx3_gqph1xc00000gn/T/Rtmp8YYDVr/preview-1e80623286ae.dir/TriMatch_files/figure-latex/nmestriangleplot-1.pdf Graphic file (type pdf)
<use /private/var/folders/hg/r45j225d0rx4mx3_gqph1xc00000gn/T/Rtmp8YYDVr/preview-1e80623286ae.dir/TriMatch_files/figure-latex/nmestriangleplot-1.pdf>
Package pdftex.def Info: /private/var/folders/hg/r45j225d0rx4mx3_gqph1xc00000gn/T/Rtmp8YYDVr/preview-1e80623286ae.dir/TriMatch_files/figure-latex/nmestriangleplot-1.pdf  used on input line 575.
(pdftex.def)             Requested size: 215.0023pt x 148.84644pt.
</private/var/folders/hg/r45j225d0rx4mx3_gqph1xc00000gn/T/Rtmp8YYDVr/preview-1e80623286ae.dir/TriMatch_files/figure-latex/nmestriangleplot-2.pdf, id=225, 469.755pt x 325.215pt>
File: /private/var/folders/hg/r45j225d0rx4mx3_gqph1xc00000gn/T/Rtmp8YYDVr/preview-1e80623286ae.dir/TriMatch_files/figure-latex/nmestriangleplot-2.pdf Graphic file (type pdf)
<use /private/var/folders/hg/r45j225d0rx4mx3_gqph1xc00000gn/T/Rtmp8YYDVr/preview-1e80623286ae.dir/TriMatch_files/figure-latex/nmestriangleplot-2.pdf>
Package pdftex.def Info: /private/var/folders/hg/r45j225d0rx4mx3_gqph1xc00000gn/T/Rtmp8YYDVr/preview-1e80623286ae.dir/TriMatch_files/figure-latex/nmestriangleplot-2.pdf  used on input line 575.
(pdftex.def)             Requested size: 215.0023pt x 148.84644pt.

Overfull \hbox (2.43332pt too wide) in paragraph at lines 575--575
[][] [] 
 []



[16 </private/var/folders/hg/r45j225d0rx4mx3_gqph1xc00000gn/T/Rtmp8YYDVr/preview-1e80623286ae.dir/TriMatch_files/figure-latex/nmestriangleplot-1.pdf> </private/var/folders/hg/r45j225d0rx4mx3_gqph1xc00000gn/T/Rtmp8YYDVr/preview-1e80623286ae.dir/TriMatch_files/figure-latex/nmestriangleplot-2.pdf>]
</private/var/folders/hg/r45j225d0rx4mx3_gqph1xc00000gn/T/Rtmp8YYDVr/preview-1e80623286ae.dir/TriMatch_files/figure-latex/nmesbalance-1.pdf, id=252, 469.755pt x 325.215pt>
File: /private/var/folders/hg/r45j225d0rx4mx3_gqph1xc00000gn/T/Rtmp8YYDVr/preview-1e80623286ae.dir/TriMatch_files/figure-latex/nmesbalance-1.pdf Graphic file (type pdf)
<use /private/var/folders/hg/r45j225d0rx4mx3_gqph1xc00000gn/T/Rtmp8YYDVr/preview-1e80623286ae.dir/TriMatch_files/figure-latex/nmesbalance-1.pdf>
Package pdftex.def Info: /private/var/folders/hg/r45j225d0rx4mx3_gqph1xc00000gn/T/Rtmp8YYDVr/preview-1e80623286ae.dir/TriMatch_files/figure-latex/nmesbalance-1.pdf  used on input line 618.
(pdftex.def)             Requested size: 215.0023pt x 148.84644pt.
</private/var/folders/hg/r45j225d0rx4mx3_gqph1xc00000gn/T/Rtmp8YYDVr/preview-1e80623286ae.dir/TriMatch_files/figure-latex/nmesbalance-2.pdf, id=253, 469.755pt x 325.215pt>
File: /private/var/folders/hg/r45j225d0rx4mx3_gqph1xc00000gn/T/Rtmp8YYDVr/preview-1e80623286ae.dir/TriMatch_files/figure-latex/nmesbalance-2.pdf Graphic file (type pdf)
<use /private/var/folders/hg/r45j225d0rx4mx3_gqph1xc00000gn/T/Rtmp8YYDVr/preview-1e80623286ae.dir/TriMatch_files/figure-latex/nmesbalance-2.pdf>
Package pdftex.def Info: /private/var/folders/hg/r45j225d0rx4mx3_gqph1xc00000gn/T/Rtmp8YYDVr/preview-1e80623286ae.dir/TriMatch_files/figure-latex/nmesbalance-2.pdf  used on input line 618.
(pdftex.def)             Requested size: 215.0023pt x 148.84644pt.

Overfull \hbox (2.43332pt too wide) in paragraph at lines 618--618
[][] [] 
 []



[17 </private/var/folders/hg/r45j225d0rx4mx3_gqph1xc00000gn/T/Rtmp8YYDVr/preview-1e80623286ae.dir/TriMatch_files/figure-latex/nmesbalance-1.pdf> </private/var/folders/hg/r45j225d0rx4mx3_gqph1xc00000gn/T/Rtmp8YYDVr/preview-1e80623286ae.dir/TriMatch_files/figure-latex/nmesbalance-2.pdf>]
</private/var/folders/hg/r45j225d0rx4mx3_gqph1xc00000gn/T/Rtmp8YYDVr/preview-1e80623286ae.dir/TriMatch_files/figure-latex/nmesboxplots-1.pdf, id=277, 469.755pt x 325.215pt>
File: /private/var/folders/hg/r45j225d0rx4mx3_gqph1xc00000gn/T/Rtmp8YYDVr/preview-1e80623286ae.dir/TriMatch_files/figure-latex/nmesboxplots-1.pdf Graphic file (type pdf)
<use /private/var/folders/hg/r45j225d0rx4mx3_gqph1xc00000gn/T/Rtmp8YYDVr/preview-1e80623286ae.dir/TriMatch_files/figure-latex/nmesboxplots-1.pdf>
Package pdftex.def Info: /private/var/folders/hg/r45j225d0rx4mx3_gqph1xc00000gn/T/Rtmp8YYDVr/preview-1e80623286ae.dir/TriMatch_files/figure-latex/nmesboxplots-1.pdf  used on input line 637.
(pdftex.def)             Requested size: 215.0023pt x 148.84644pt.
</private/var/folders/hg/r45j225d0rx4mx3_gqph1xc00000gn/T/Rtmp8YYDVr/preview-1e80623286ae.dir/TriMatch_files/figure-latex/nmesboxplots-2.pdf, id=278, 469.755pt x 325.215pt>
File: /private/var/folders/hg/r45j225d0rx4mx3_gqph1xc00000gn/T/Rtmp8YYDVr/preview-1e80623286ae.dir/TriMatch_files/figure-latex/nmesboxplots-2.pdf Graphic file (type pdf)
<use /private/var/folders/hg/r45j225d0rx4mx3_gqph1xc00000gn/T/Rtmp8YYDVr/preview-1e80623286ae.dir/TriMatch_files/figure-latex/nmesboxplots-2.pdf>
Package pdftex.def Info: /private/var/folders/hg/r45j225d0rx4mx3_gqph1xc00000gn/T/Rtmp8YYDVr/preview-1e80623286ae.dir/TriMatch_files/figure-latex/nmesboxplots-2.pdf  used on input line 637.
(pdftex.def)             Requested size: 215.0023pt x 148.84644pt.

Overfull \hbox (2.43332pt too wide) in paragraph at lines 637--637
[][] [] 
 []



[18 </private/var/folders/hg/r45j225d0rx4mx3_gqph1xc00000gn/T/Rtmp8YYDVr/preview-1e80623286ae.dir/TriMatch_files/figure-latex/nmesboxplots-1.pdf> </private/var/folders/hg/r45j225d0rx4mx3_gqph1xc00000gn/T/Rtmp8YYDVr/preview-1e80623286ae.dir/TriMatch_files/figure-latex/nmesboxplots-2.pdf>]

[19] (./TriMatch.aux)
 ***********
LaTeX2e <2025-06-01> patch level 1
L3 programming layer <2025-07-11>
 ***********

LaTeX Warning: There were undefined references.

 ) 
Here is how much of TeX's memory you used:
 14245 strings out of 469797
 241718 string characters out of 5481417
 672473 words of memory out of 5000000
 42203 multiletter control sequences out of 15000+600000
 700429 words of font info for 165 fonts, out of 8000000 for 9000
 14 hyphenation exceptions out of 8191
 89i,8n,93p,1344b,543s stack positions out of 10000i,1000n,20000p,200000b,200000s
</Users/jasonbryer/Library/TinyTeX/texmf-dist/fonts/type1/public/lm/lmbx10.pfb></Users/jasonbryer/Library/TinyTeX/texmf-dist/fonts/type1/public/lm/lmbx12.pfb></Users/jasonbryer/Library/TinyTeX/texmf-dist/fonts/type1/public/lm/lmmi10.pfb></Users/jasonbryer/Library/TinyTeX/texmf-dist/fonts/type1/public/lm/lmmi6.pfb></Users/jasonbryer/Library/TinyTeX/texmf-dist/fonts/type1/public/lm/lmmi8.pfb></Users/jasonbryer/Library/TinyTeX/texmf-dist/fonts/type1/public/lm/lmr10.pfb></Users/jasonbryer/Library/TinyTeX/texmf-dist/fonts/type1/public/lm/lmr12.pfb></Users/jasonbryer/Library/TinyTeX/texmf-dist/fonts/type1/public/lm/lmr17.pfb></Users/jasonbryer/Library/TinyTeX/texmf-dist/fonts/type1/public/lm/lmr6.pfb></Users/jasonbryer/Library/TinyTeX/texmf-dist/fonts/type1/public/lm/lmr8.pfb></Users/jasonbryer/Library/TinyTeX/texmf-dist/fonts/type1/public/lm/lmr9.pfb></Users/jasonbryer/Library/TinyTeX/texmf-dist/fonts/type1/public/lm/lmri10.pfb></Users/jasonbryer/Library/TinyTeX/texmf-dist/fonts/type1/public/lm/lmsy10.pfb></Users/jasonbryer/Library/TinyTeX/texmf-dist/fonts/type1/public/lm/lmsy8.pfb></Users/jasonbryer/Library/TinyTeX/texmf-dist/fonts/type1/public/lm/lmtk10.pfb></Users/jasonbryer/Library/TinyTeX/texmf-dist/fonts/type1/public/lm/lmtt10.pfb></Users/jasonbryer/Library/TinyTeX/texmf-dist/fonts/type1/public/lm/lmtt9.pfb></Users/jasonbryer/Library/TinyTeX/texmf-dist/fonts/type1/public/lm/lmtti10.pfb>
Output written on TriMatch.pdf (19 pages, 1560803 bytes).
PDF statistics:
 445 PDF objects out of 1000 (max. 8388607)
 349 compressed objects within 4 object streams
 53 named destinations out of 1000 (max. 500000)
 39065 words of extra memory for PDF output out of 42996 (max. 10000000)

